2023-01-18 16:02:11 -  - exec CUpdateClientPartner::SearchModulesEx
2023-01-18 16:02:11 -  - exec CUpdateClientPartner::__CollectRequestData
2023-01-18 16:02:11 -  - utf=Y&lang=ru&stable=Y&CANGZIP=Y&SUPD_DBS=MYSQL&XE=N&CLIENT_SITE=vvdemecl.beget.tech&LICENSE_KEY=X&SUPD_STS=1&SUPD_URS=0&SUPD_URSA=1&TYPENC=D&CLIENT_PHPVER=7.4.33&NGINX=Y&dbv=5.7.21&instm=main%2C22.0.300%2CY%3Biblock%2C21.800.300%2CN%3Bhighloadblock%2C22.200.0%2CN%3Bperfmon%2C21.0.0%2CN%3Bseo%2C22.0.200%2CN%3Bfileman%2C22.0.0%2CN%3Bbitrix.sitecorporate%2C15.5.0%2CN%3Bclouds%2C22.0.0%2CN%3Bsearch%2C22.0.0%2CN%3Bb24connector%2C21.100.0%2CN%3Bsocialservices%2C22.0.250%2CN%3Btranslate%2C21.100.0%2CN%3Bbitrixcloud%2C22.0.0%2CN%3Blanding%2C21.1300.200%2CN%3Bui%2C22.400.50%2CN%3Brest%2C22.0.100%2CN%3Bmessageservice%2C22.200.100%2CN&search_module_id=&search_module=&search_category=7%2C14&search_type=&search_order=DESC&search_order_by=SORT&search_page=1&SUPD_SRS=RU&SUPD_CMP=N
2023-01-18 16:02:11 -  - exec CUpdateClientPartner::GetHTTPPage
2023-01-18 16:02:12 -  - TIME SearchModulesEx(request) 1.322 sec
2023-01-18 16:02:12 -  - exec CUpdateClientPartner::ParseServerData
2023-01-18 16:02:57 -  - exec CUpdateClientPartner::LoadModulesUpdates
2023-01-18 16:02:57 -  - exec CUpdateClientPartner::__CollectRequestData
2023-01-18 16:02:57 -  - utf=Y&lang=ru&stable=Y&CANGZIP=Y&SUPD_DBS=MYSQL&XE=N&CLIENT_SITE=vvdemecl.beget.tech&LICENSE_KEY=X&SUPD_STS=1&SUPD_URS=0&SUPD_URSA=1&TYPENC=D&CLIENT_PHPVER=7.4.33&NGINX=Y&dbv=5.7.21&instm=main%2C22.0.300%2CY%3Biblock%2C21.800.300%2CN%3Bhighloadblock%2C22.200.0%2CN%3Bperfmon%2C21.0.0%2CN%3Bseo%2C22.0.200%2CN%3Bfileman%2C22.0.0%2CN%3Bbitrix.sitecorporate%2C15.5.0%2CN%3Bclouds%2C22.0.0%2CN%3Bsearch%2C22.0.0%2CN%3Bb24connector%2C21.100.0%2CN%3Bsocialservices%2C22.0.250%2CN%3Btranslate%2C21.100.0%2CN%3Bbitrixcloud%2C22.0.0%2CN%3Blanding%2C21.1300.200%2CN%3Bui%2C22.400.50%2CN%3Brest%2C22.0.100%2CN%3Bmessageservice%2C22.200.100%2CN&reqm=nsandrey.emptyinstall&lim=Y&SUPD_SRS=RU&SUPD_CMP=N
2023-01-18 16:02:57 -  - exec CUpdateClientPartner::GetHTTPPage
2023-01-18 16:02:57 -  - TIME LoadModulesUpdates(request) 0.135 sec
2023-01-18 16:02:57 -  - exec CUpdateClientPartner::ParseServerData
2023-01-18 16:02:57 - S - STEP
2023-01-18 16:02:57 - LM4W01 - loadModule4Wizard-Step
2023-01-18 16:02:57 -  - exec CUpdateClientPartner::LoadModulesUpdates
2023-01-18 16:02:57 -  - exec CUpdateClientPartner::ParseServerData
2023-01-18 16:02:57 -  - loadFile
2023-01-18 16:02:57 - U - RETURN
2023-01-18 16:02:57 -  - exec CUpdateClientPartner::UnGzipArchive
2023-01-18 16:02:57 -  - TIME UnGzipArchive 0.005 sec
2023-01-18 16:02:57 -  - TIME UpdateStepModules 0.008 sec
2023-01-18 16:02:57 -  - exec CUpdateClientPartner::LoadModulesUpdates
2023-01-18 16:02:57 -  - exec CUpdateClientPartner::__CollectRequestData
2023-01-18 16:02:57 -  - utf=Y&lang=ru&stable=Y&CANGZIP=Y&SUPD_DBS=MYSQL&XE=N&CLIENT_SITE=vvdemecl.beget.tech&LICENSE_KEY=X&SUPD_STS=1&SUPD_URS=0&SUPD_URSA=1&TYPENC=D&CLIENT_PHPVER=7.4.33&NGINX=Y&dbv=5.7.21&instm=main%2C22.0.300%2CY%3Biblock%2C21.800.300%2CN%3Bnsandrey.emptyinstall%2C1.0.5%2CN%3Bhighloadblock%2C22.200.0%2CN%3Bperfmon%2C21.0.0%2CN%3Bseo%2C22.0.200%2CN%3Bfileman%2C22.0.0%2CN%3Bbitrix.sitecorporate%2C15.5.0%2CN%3Bclouds%2C22.0.0%2CN%3Bsearch%2C22.0.0%2CN%3Bb24connector%2C21.100.0%2CN%3Bsocialservices%2C22.0.250%2CN%3Btranslate%2C21.100.0%2CN%3Bbitrixcloud%2C22.0.0%2CN%3Blanding%2C21.1300.200%2CN%3Bui%2C22.400.50%2CN%3Brest%2C22.0.100%2CN%3Bmessageservice%2C22.200.100%2CN&reqm=nsandrey.emptyinstall&lim=Y&SUPD_SRS=RU&SUPD_CMP=N
2023-01-18 16:02:57 -  - exec CUpdateClientPartner::GetHTTPPage
2023-01-18 16:02:57 -  - TIME LoadModulesUpdates(request) 0.127 sec
2023-01-18 16:02:57 -  - exec CUpdateClientPartner::ParseServerData
2023-01-18 16:02:57 - STEP - Finish - NOUPDATES
2023-01-18 16:02:57 - LM4W03 - Finish - NOUPDATES
2023-01-18 16:03:50 -  - exec CUpdateClientPartner::__CollectRequestData
2023-01-18 16:03:50 -  - exec CUpdateClientPartner::GetHTTPPage
2023-01-18 16:03:50 -  - exec CUpdateClientPartner::ParseServerData
2023-01-18 16:03:50 -  - exec CUpdateClientPartner::GetUpdatesList
2023-01-18 16:03:50 -  - exec CUpdateClientPartner::__CollectRequestData
2023-01-18 16:03:50 -  - utf=Y&lang=ru&stable=Y&CANGZIP=Y&SUPD_DBS=MYSQL&XE=N&CLIENT_SITE=vvdemecl.beget.tech&LICENSE_KEY=X&SUPD_STS=1&SUPD_URS=0&SUPD_URSA=1&TYPENC=D&CLIENT_PHPVER=7.4.33&NGINX=Y&dbv=5.7.21&instm=main%2C22.0.300%2CY%3Biblock%2C21.800.300%2CN%3Bnsandrey.emptyinstall%2C1.0.5%2CN%3Bhighloadblock%2C22.200.0%2CN%3Bperfmon%2C21.0.0%2CN%3Bseo%2C22.0.200%2CN%3Bfileman%2C22.0.0%2CN%3Bbitrix.sitecorporate%2C15.5.0%2CN%3Bclouds%2C22.0.0%2CN%3Bsearch%2C22.0.0%2CN%3Bb24connector%2C21.100.0%2CN%3Bsocialservices%2C22.0.250%2CN%3Btranslate%2C21.100.0%2CN%3Bbitrixcloud%2C22.0.0%2CN%3Blanding%2C21.1300.200%2CN%3Bui%2C22.400.50%2CN%3Brest%2C22.0.100%2CN%3Bmessageservice%2C22.200.100%2CN&reqm=nsandrey.emptyinstall%2Cbitrix.sitecorporate&fullmoduleinfo=Y&SUPD_SRS=RU&SUPD_CMP=N
2023-01-18 16:03:50 -  - exec CUpdateClientPartner::GetHTTPPage
2023-01-18 16:03:50 -  - TIME GetUpdatesList(request) 0.144 sec
2023-01-18 16:03:50 -  - exec CUpdateClientPartner::ParseServerData
2023-01-18 16:03:50 -  - exec CUpdateClientPartner::__CollectRequestData
2023-01-18 16:03:50 -  - exec CUpdateClientPartner::GetHTTPPage
2023-01-18 16:03:50 -  - exec CUpdateClientPartner::ParseServerData
